<?xml version="1.0" encoding="UTF-8"?>
<testsuite name="com.pibox.core.macos.MacOsRepositoryTest" tests="1" skipped="0" failures="0" errors="0" timestamp="2016-09-06T13:33:10" hostname="MacBook-Pro-Kamil-2.local" time="0.003">
  <properties/>
  <testcase name="createEmptyRepositoryTest" classname="com.pibox.core.macos.MacOsRepositoryTest" time="0.003"/>
  <system-out><![CDATA[]]></system-out>
  <system-err><![CDATA[]]></system-err>
</testsuite>
